<?xml version="1.0" encoding="UTF-8"?>
<!-- Generated by org.testng.reporters.JUnitReportReporter -->
<testsuite skipped="0" hostname="LAPTOP-ANIMNDIH" name="com.testng.TestNGBasics" tests="2" failures="0" timestamp="30 Jun 2019 20:03:20 GMT" time="0.010" errors="0">
  <testcase name="testCase" time="0.007" classname="com.testng.TestNGBasics"/>
  <testcase name="testCase2" time="0.003" classname="com.testng.TestNGBasics"/>
</testsuite> <!-- com.testng.TestNGBasics -->
