<?xml version="1.0" encoding="UTF-8"?>
<!-- Generated by org.testng.reporters.JUnitReportReporter -->
<testsuite skipped="0" hostname="LAPTOP-ANIMNDIH" name="com.crm.qa.testcases.ContactsPageTest" tests="3" failures="0" timestamp="06 Sep 2019 17:35:25 GMT" time="40.163" errors="0">
  <testcase name="EnterDetails" time="13.037" classname="com.crm.qa.testcases.ContactsPageTest"/>
  <testcase name="EnterDetails" time="12.324" classname="com.crm.qa.testcases.ContactsPageTest"/>
  <testcase name="EnterDetails" time="14.802" classname="com.crm.qa.testcases.ContactsPageTest"/>
</testsuite> <!-- com.crm.qa.testcases.ContactsPageTest -->
