<?xml version="1.0" encoding="UTF-8"?>
<!-- Generated by org.testng.reporters.JUnitReportReporter -->
<testsuite skipped="0" hostname="LAPTOP-ANIMNDIH" name="com.crm.qa.testcases.HomePageTest" tests="1" failures="0" timestamp="06 Sep 2019 09:25:26 GMT" time="11.092" errors="0">
  <testcase name="assertHomepageNavigation" time="11.092" classname="com.crm.qa.testcases.HomePageTest"/>
</testsuite> <!-- com.crm.qa.testcases.HomePageTest -->
