<?xml version="1.0" encoding="UTF-8"?>
<!-- Generated by org.testng.reporters.JUnitReportReporter -->
<testsuite skipped="0" hostname="LAPTOP-ANIMNDIH" name="com.crm.qa.testcases.LoginPageTest" tests="2" failures="0" timestamp="06 Sep 2019 19:44:34 GMT" time="22.408" errors="0">
  <testcase name="LoginToApplication" time="9.789" classname="com.crm.qa.testcases.LoginPageTest"/>
  <testcase name="verifyPageTitle" time="12.619" classname="com.crm.qa.testcases.LoginPageTest"/>
</testsuite> <!-- com.crm.qa.testcases.LoginPageTest -->
